Log file open, 03/23/17 20:20:46
LogInit:Display: Running engine for game: Ilah
LogPlatformFile: Not using cached read wrapper
LogInit:Display: RandInit(-792195976) SRandInit(-792195976).
LogTaskGraph: Started task graph with 5 named threads and 8 total threads with 1 sets of task threads.
LogStats: Stats thread started at 0.157007
LogInit: Using libcurl 7.47.1
LogInit:  - built for x86_64-pc-win32
LogInit:  - supports SSL with OpenSSL/1.0.2g
LogInit:  - supports HTTP deflate (compression) using libz 1.2.8
LogInit:  - other features:
LogInit:      CURL_VERSION_SSL
LogInit:      CURL_VERSION_LIBZ
LogInit:      CURL_VERSION_IPV6
LogInit:      CURL_VERSION_ASYNCHDNS
LogInit:      CURL_VERSION_LARGEFILE
LogInit:      CURL_VERSION_IDN
LogInit:  CurlRequestOptions (configurable via config and command line):
LogInit:  - bVerifyPeer = false  - Libcurl will NOT verify peer certificate
LogInit:  - bUseHttpProxy = false  - Libcurl will NOT use HTTP proxy
LogInit:  - bDontReuseConnections = false  - Libcurl will reuse connections
LogInit:  - CertBundlePath = nullptr  - Libcurl will use whatever was configured at build time.
LogInit: Build: ++UE4+Release-4.15-CL-3348071
LogInit: Engine Version: 4.15.1-3348071+++UE4+Release-4.15
LogInit: Compatible Engine Version: 4.15.0-3299760+++UE4+Release-4.15
LogInit: Net CL: 3299760
LogDevObjectVersion: Number of dev versions registered: 14
LogDevObjectVersion:   Dev-Blueprints (B0D832E4-1F89-4F0D-ACCF-7EB736FD4AA2): 8
LogDevObjectVersion:   Dev-Build (E1C64328-A22C-4D53-A36C-8E866417BD8C): 0
LogDevObjectVersion:   Dev-Core (375EC13C-06E4-48FB-B500-84F0262A717E): 2
LogDevObjectVersion:   Dev-Editor (E4B068ED-F494-42E9-A231-DA0B2E46BB41): 14
LogDevObjectVersion:   Dev-Framework (CFFC743F-43B0-4480-9391-14DF171D2073): 22
LogDevObjectVersion:   Dev-Mobile (B02B49B5-BB20-44E9-A304-32B752E40360): 0
LogDevObjectVersion:   Dev-Networking (A4E4105C-59A1-49B5-A7C5-40C4547EDFEE): 0
LogDevObjectVersion:   Dev-Online (39C831C9-5AE6-47DC-9A44-9C173E1C8E7C): 0
LogDevObjectVersion:   Dev-Physics (78F01B33-EBEA-4F98-B9B4-84EACCB95AA2): 0
LogDevObjectVersion:   Dev-Platform (6631380F-2D4D-43E0-8009-CF276956A95A): 0
LogDevObjectVersion:   Dev-Rendering (12F88B9F-8875-4AFC-A67C-D90C383ABD29): 12
LogDevObjectVersion:   Dev-Sequencer (7B5AE74C-D270-4C10-A958-57980B212A5A): 3
LogDevObjectVersion:   Dev-VR (D7296918-1DD6-4BDD-9DE2-64A83CC13884): 0
LogDevObjectVersion:   Dev-LoadTimes (C2A15278-BFE7-4AFE-6C17-90FF531DF755): 1
LogInit: Compiled (64-bit): Mar 15 2017 16:52:47
LogInit: Compiled with Visual C++: 19.00.23026.00
LogInit: Build Configuration: Development
LogInit: Branch Name: ++UE4+Release-4.15
LogInit: Command line: -EpicPortal 
LogInit: Base directory: C:/Program Files/Epic Games/UE_4.15/Engine/Binaries/Win64/
LogInit: Installed Engine Build: 1
LogInit: Presizing for max 8388607 objects, including 0 objects not considered by GC, pre-allocating 0 bytes for permanent pool.
LogInit: Object subsystem initialized
[2017.03.24-00.20.46:945][  0]LogInit: Selected Device Profile: [Windows]
[2017.03.24-00.20.46:945][  0]LogInit: Applying CVar settings loaded from the selected device profile: [Windows]
[2017.03.24-00.20.46:987][  0]LogInit: Computer: DESKTOP-0V93RPU
[2017.03.24-00.20.46:987][  0]LogInit: User: PussyDestroyer
[2017.03.24-00.20.46:987][  0]LogInit: CPU Page size=65536, Cores=4
[2017.03.24-00.20.46:987][  0]LogInit: High frequency timer resolution =3.914056 MHz
[2017.03.24-00.20.46:988][  0]LogMemory: Memory total: Physical=16.0GB (16GB approx)
[2017.03.24-00.20.46:988][  0]LogMemory: Platform Memory Stats for Windows
[2017.03.24-00.20.46:988][  0]LogMemory: Process Physical Memory: 265.06 MB used, 265.06 MB peak
[2017.03.24-00.20.46:988][  0]LogMemory: Process Virtual Memory: 262.70 MB used, 262.70 MB peak
[2017.03.24-00.20.46:988][  0]LogMemory: Physical Memory: 7157.87 MB used,  9179.84 MB free, 16337.71 MB total
[2017.03.24-00.20.46:988][  0]LogMemory: Virtual Memory: 645.12 MB used,  9179.84 MB free, 134217728.00 MB total
[2017.03.24-00.20.47:466][  0]LogTextLocalizationManager: No specific translations for ('en-US') exist, so ('en') translations will be used.
[2017.03.24-00.20.52:634][  0]LogD3D11RHI: D3D11 adapters:
[2017.03.24-00.20.52:660][  0]LogD3D11RHI:    0. 'AMD Radeon (TM) R9 390 Series' (Feature Level 11_0)
[2017.03.24-00.20.52:660][  0]LogD3D11RHI:       8169/0/8168 MB DedicatedVideo/DedicatedSystem/SharedSystem, Outputs:1, VendorId:0x1002
[2017.03.24-00.20.52:662][  0]LogD3D11RHI:    1. 'Microsoft Basic Render Driver' (Feature Level 11_0)
[2017.03.24-00.20.52:662][  0]LogD3D11RHI:       0/0/8168 MB DedicatedVideo/DedicatedSystem/SharedSystem, Outputs:0, VendorId:0x1414
[2017.03.24-00.20.52:662][  0]LogD3D11RHI: Chosen D3D11 Adapter: 0
[2017.03.24-00.20.52:667][  0]LogD3D11RHI: Creating new Direct3DDevice
[2017.03.24-00.20.52:667][  0]LogD3D11RHI:     GPU DeviceId: 0x67b1 (for the marketing name, search the web for "GPU Device Id")
[2017.03.24-00.20.52:667][  0]LogWindows: EnumDisplayDevices:
[2017.03.24-00.20.52:667][  0]LogWindows:    0. 'AMD Radeon (TM) R9 390 Series' (P:1 D:1)
[2017.03.24-00.20.52:667][  0]LogWindows:    1. 'AMD Radeon (TM) R9 390 Series' (P:0 D:0)
[2017.03.24-00.20.52:667][  0]LogWindows:    2. 'AMD Radeon (TM) R9 390 Series' (P:0 D:0)
[2017.03.24-00.20.52:667][  0]LogWindows:    3. 'AMD Radeon (TM) R9 390 Series' (P:0 D:0)
[2017.03.24-00.20.52:668][  0]LogWindows:    4. 'AMD Radeon (TM) R9 390 Series' (P:0 D:0)
[2017.03.24-00.20.52:668][  0]LogWindows:    5. 'AMD Radeon (TM) R9 390 Series' (P:0 D:0)
[2017.03.24-00.20.52:668][  0]LogWindows: DebugString: FoundDriverCount:6 
[2017.03.24-00.20.52:668][  0]LogD3D11RHI:     Adapter Name: AMD Radeon (TM) R9 390 Series
[2017.03.24-00.20.52:668][  0]LogD3D11RHI:   Driver Version: Crimson ReLive 17.2.1 (internal:21.19.519.2, unified:21.19.519.2)
[2017.03.24-00.20.52:668][  0]LogD3D11RHI:      Driver Date: 2-10-2017
[2017.03.24-00.20.52:668][  0]LogRHI: Texture pool is 1361 MB (70% of 1945 MB)
[2017.03.24-00.20.52:755][  0]LogD3D11RHI: Async texture creation enabled
[2017.03.24-00.20.52:766][  0]LogD3D11RHI: GPU Timing Frequency: 27.000000 (Debug: 2 1)
[2017.03.24-00.20.52:767][  0]LogShaderCompilers: Guid format shader working directory is 16 characters bigger than the processId version (../../../../../../Die7 Games/Unreal/Ilah/Intermediate/Shaders/WorkingDirectory/6728/).
[2017.03.24-00.20.52:767][  0]LogShaderCompilers: Cleaned the shader compiler working directory 'C:/Users/Pussy Destroyer/AppData/Local/Temp/UnrealShaderWorkingDir/7688D0AA403A39825007D1BA47D07BD3/'.
[2017.03.24-00.20.52:767][  0]LogShaderCompilers:Display: Using Local Shader Compiler.
[2017.03.24-00.20.56:983][  0]LogTemp:Display: Loaded TP AllDesktopTargetPlatform
[2017.03.24-00.20.57:025][  0]LogTemp:Display: Loaded TP MacClientTargetPlatform
[2017.03.24-00.20.57:067][  0]LogTemp:Display: Loaded TP MacNoEditorTargetPlatform
[2017.03.24-00.20.57:108][  0]LogTemp:Display: Loaded TP MacServerTargetPlatform
[2017.03.24-00.20.57:169][  0]LogTemp:Display: Loaded TP MacTargetPlatform
[2017.03.24-00.20.57:210][  0]LogTemp:Display: Loaded TP WindowsClientTargetPlatform
[2017.03.24-00.20.57:252][  0]LogTemp:Display: Loaded TP WindowsNoEditorTargetPlatform
[2017.03.24-00.20.57:293][  0]LogTemp:Display: Loaded TP WindowsServerTargetPlatform
[2017.03.24-00.20.57:328][  0]LogTemp:Display: Loaded TP WindowsTargetPlatform
[2017.03.24-00.20.57:372][  0]LogTemp:Display: Loaded TP AndroidTargetPlatform
[2017.03.24-00.20.57:413][  0]LogTemp:Display: Loaded TP Android_ASTCTargetPlatform
[2017.03.24-00.20.57:454][  0]LogTemp:Display: Loaded TP Android_ATCTargetPlatform
[2017.03.24-00.20.57:494][  0]LogTemp:Display: Loaded TP Android_DXTTargetPlatform
[2017.03.24-00.20.57:534][  0]LogTemp:Display: Loaded TP Android_ETC1TargetPlatform
[2017.03.24-00.20.57:575][  0]LogTemp:Display: Loaded TP Android_ETC2TargetPlatform
[2017.03.24-00.20.57:657][  0]LogTemp:Display: Loaded TP Android_MultiTargetPlatform
[2017.03.24-00.20.57:657][  0]LogTemp:Display: Loaded TP Android_PVRTCTargetPlatform
[2017.03.24-00.20.57:686][  0]LogTemp:Display: Loaded TP HTML5TargetPlatform
[2017.03.24-00.20.58:002][  0]LogTemp:Display: Loaded TP IOSTargetPlatform
[2017.03.24-00.20.58:029][  0]LogTemp:Display: Loaded TP TVOSTargetPlatform
[2017.03.24-00.20.58:071][  0]LogTemp:Display: Loaded TP LinuxClientTargetPlatform
[2017.03.24-00.20.58:113][  0]LogTemp:Display: Loaded TP LinuxNoEditorTargetPlatform
[2017.03.24-00.20.58:153][  0]LogTemp:Display: Loaded TP LinuxServerTargetPlatform
[2017.03.24-00.20.58:198][  0]LogTemp:Display: Loaded TP LinuxTargetPlatform
[2017.03.24-00.20.58:198][  0]LogTargetPlatformManager:Display: Building Assets For Windows
[2017.03.24-00.20.59:323][  0]LogDerivedDataCache:Display: Max Cache Size: 512 MB
[2017.03.24-00.20.59:364][  0]LogDerivedDataCache: Loaded boot cache 0.04s 50MB C:/Users/Pussy Destroyer/AppData/Local/UnrealEngine/4.15/DerivedDataCache/Boot.ddc.
[2017.03.24-00.20.59:364][  0]LogDerivedDataCache:Display: Loaded Boot cache: C:/Users/Pussy Destroyer/AppData/Local/UnrealEngine/4.15/DerivedDataCache/Boot.ddc
[2017.03.24-00.20.59:364][  0]LogDerivedDataCache: FDerivedDataBackendGraph:  Pak pak cache file ../../../../../../Die7 Games/Unreal/Ilah/DerivedDataCache/DDC.ddp not found, will not use a pak cache.
[2017.03.24-00.20.59:364][  0]LogDerivedDataCache: Unable to find inner node Pak for hierarchical cache Hierarchy.
[2017.03.24-00.20.59:364][  0]LogDerivedDataCache: FDerivedDataBackendGraph:  CompressedPak pak cache file ../../../../../../Die7 Games/Unreal/Ilah/DerivedDataCache/Compressed.ddp not found, will not use a pak cache.
[2017.03.24-00.20.59:364][  0]LogDerivedDataCache: Unable to find inner node CompressedPak for hierarchical cache Hierarchy.
[2017.03.24-00.20.59:462][  0]LogDerivedDataCache:Display: Pak cache opened for reading ../../../Engine/DerivedDataCache/Compressed.ddp.
[2017.03.24-00.20.59:474][  0]LogDerivedDataCache: Using Local data cache path C:/Users/Pussy Destroyer/AppData/Local/UnrealEngine/Common/DerivedDataCache: Writable
[2017.03.24-00.20.59:481][  0]LogSlate: Using Freetype 2.6.0
[2017.03.24-00.20.59:490][  0]LogSlate: SlateFontCache - WITH_FREETYPE: 1, WITH_HARFBUZZ: 1
[2017.03.24-00.20.59:490][  0]LogSlate: SlateFontCache - WITH_FREETYPE: 1, WITH_HARFBUZZ: 1
[2017.03.24-00.21.07:592][  0]LogInit: Selected Device Profile: [Windows]
[2017.03.24-00.21.07:594][  0]LogContentStreaming: Texture pool size is 0.00 MB
[2017.03.24-00.21.07:770][  0]LogMeshUtilities: Using QuadricMeshReduction for automatic static mesh reduction
[2017.03.24-00.21.07:802][  0]LogSimplygon: Simplygon DLL not present - disabling.
[2017.03.24-00.21.07:838][  0]LogMeshUtilities: Using SimplygonSwarm for distributed automatic mesh merging
[2017.03.24-00.21.07:838][  0]LogMeshUtilities: No automatic skeletal mesh reduction module available
[2017.03.24-00.21.07:838][  0]LogMeshUtilities: No automatic mesh merging module available
[2017.03.24-00.21.09:186][  0]LogNetVersion: GetLocalNetworkVersion: CL: 3299760, ProjectName: ilah, ProjectVersion: , EngineNetworkVersion: 2, GameNetworkVersion: 0, NetworkChecksum: 1942816956
[2017.03.24-00.21.09:225][  0]LogAssetRegistry: FAssetRegistry took 0.0214 seconds to start up
[2017.03.24-00.21.09:287][  0]LogPackageLocalizationCache: Processed 4 localized package path(s) for 2 prioritized culture(s) in 0.026987 seconds
[2017.03.24-00.21.09:291][  0]LogUObjectArray: 32493 objects as part of root set at end of initial load.
[2017.03.24-00.21.09:291][  0]LogUObjectAllocator: 7077024 out of 0 bytes used by permanent object pool.
[2017.03.24-00.21.09:291][  0]LogUObjectArray: CloseDisregardForGC: 0/0 objects in disregard for GC pool
[2017.03.24-00.21.09:337][  0]LogInit: WinSock: version 1.1 (2.2), MaxSocks=32767, MaxUdp=65467
[2017.03.24-00.21.29:926][  0]LogTemp:Warning: {S}:: Initializing Secure-Client Plugin [Anti-Cheat].
[2017.03.24-00.21.30:087][  0]LogSubstanceCoreModule: Substance [CPU] Engine Loaded, Max Texture Size = 2048
[2017.03.24-00.21.30:181][  0]LogTcpMessaging: Initializing TcpMessaging bridge
[2017.03.24-00.21.30:214][  0]LogUdpMessaging: Initializing bridge on interface 0.0.0.0:0 to multicast group 230.0.0.1:6666.
[2017.03.24-00.21.30:929][  0]LogMaterial: Uniform references updated for custom material expression Custom.
[2017.03.24-00.21.31:288][  0]SourceControl: Info Source control is disabled
[2017.03.24-00.21.31:581][  0]SourceControl: Info Source control is disabled
[2017.03.24-00.21.31:624][  0]SourceControl: Info Source control is disabled
[2017.03.24-00.21.31:663][  0]SourceControl: Info Source control is disabled
[2017.03.24-00.21.33:139][  0]LogEngine: Initializing Engine...
[2017.03.24-00.21.33:139][  0]LogHMD: Failed to initialize OpenVR with code 110
[2017.03.24-00.21.33:455][  0]LogAIModule: Creating AISystem for world Untitled
[2017.03.24-00.21.33:464][  0]LogInit: XAudio2 using 'Speakers (2- High Definition Audio Device)' : 2 channels at 44.1 kHz using 16 bits per sample (channel mask 0x3)
[2017.03.24-00.21.33:474][  0]LogInit: FAudioDevice initialized.
[2017.03.24-00.21.33:494][  0]LogDerivedDataCache: Saved boot cache 0.02s 50MB C:/Users/Pussy Destroyer/AppData/Local/UnrealEngine/4.15/DerivedDataCache/Boot.ddc.
[2017.03.24-00.21.33:502][  0]LogInit: Texture streaming: Enabled
[2017.03.24-00.21.33:579][  0]LogEngineSessionManager: EngineSessionManager initialized
[2017.03.24-00.21.33:651][  0]LogInit: Transaction tracking system initialized
[2017.03.24-00.21.33:923][  0]BlueprintLog: New page: Editor Load
[2017.03.24-00.21.34:773][  0]LocalizationService: Info Localization service is disabled
[2017.03.24-00.21.35:705][  0]LogConsoleResponse:Display: 
[2017.03.24-00.21.36:051][  0]LogCook:Display: Max memory allowance for cook 16384mb min free memory 0mb
[2017.03.24-00.21.36:051][  0]LogCook:Display: Mobile HDR setting 1
[2017.03.24-00.21.36:545][  0]LogFileCache: Scanning file cache for directory 'C:/Die7 Games/Unreal/Ilah/Content/' took 0.01s
[2017.03.24-00.21.37:915][  0]SourceControl: Info Source control is disabled
[2017.03.24-00.21.37:915][  0]Cmd: MAP LOAD FILE="../../../Engine/Content/Maps/Templates/Template_Default.umap" TEMPLATE=1 SHOWPROGRESS=1 FEATURELEVEL=3
[2017.03.24-00.21.37:918][  0]LightingResults: New page: Lighting Build
[2017.03.24-00.21.37:949][  0]MapCheck: New page: Map Check
[2017.03.24-00.21.37:949][  0]LightingResults: New page: Lighting Build
[2017.03.24-00.21.38:164][  0]LogAIModule: Creating AISystem for world Untitled_1
[2017.03.24-00.21.38:178][  0]LogActorComponent: RegisterComponentWithWorld: (/Temp/Untitled_1.Untitled_1:PersistentLevel.WorldSettings_1.StaticMeshComponent0) Trying to register component with IsPendingKill() == true. Aborting.
[2017.03.24-00.21.38:184][  0]LogEditorServer: Finished looking for orphan Actors (0.000 secs)
[2017.03.24-00.21.38:189][  0]Cmd: MAP CHECKDEP NOCLEARLOG
[2017.03.24-00.21.38:216][  0]MapCheck: Info Map check complete: 0 Error(s), 0 Warning(s), took 27.221ms to complete.
[2017.03.24-00.21.38:217][  0]LogFileHelpers: Loading map 'Template_Default' took 0.301
[2017.03.24-00.21.38:480][  0]LogCollectionManager: Loaded 0 collections in 0.001031 seconds
[2017.03.24-00.21.38:548][  0]LogFileCache: Scanning file cache for directory 'C:/Die7 Games/Unreal/Ilah/Saved/Collections/' took 0.01s
[2017.03.24-00.21.38:548][  0]LogFileCache: Scanning file cache for directory 'C:/Die7 Games/Unreal/Ilah/Content/Developers/PussyDestroyer/Collections/' took 0.01s
[2017.03.24-00.21.38:548][  0]LogFileCache: Scanning file cache for directory 'C:/Die7 Games/Unreal/Ilah/Content/Collections/' took 0.01s
[2017.03.24-00.21.38:548][  0]LogCollectionManager: Rebuilt the GUID cache for 0 collections in 0.000002 seconds
[2017.03.24-00.21.38:554][  0]LogContentBrowser: Native class hierarchy populated in 0.0063 seconds. Added 2267 classes and 468 folders.
[2017.03.24-00.21.38:556][  0]LogStats: UGameplayTagsManager::ConstructGameplayTagTree: Construct from data asset -  0.000 s
[2017.03.24-00.21.38:556][  0]LogStats: UGameplayTagsManager::ConstructGameplayTagTree: GameplayTagTreeChangedEvent.Broadcast -  0.000 s
[2017.03.24-00.21.38:605][  0]LogContentBrowser: Native class hierarchy updated for 'WidgetCarousel' in 0.0003 seconds. Added 0 classes and 0 folders.
[2017.03.24-00.21.39:758][  0]LogContentBrowser: Native class hierarchy updated for 'AddContentDialog' in 0.0005 seconds. Added 0 classes and 0 folders.
[2017.03.24-00.21.39:793][  0]LogContentBrowser: Native class hierarchy updated for 'SceneOutliner' in 0.0004 seconds. Added 1 classes and 2 folders.
[2017.03.24-00.21.39:832][  0]LogCrashTracker: Crashtracker disabled due to settings.
[2017.03.24-00.21.41:431][  0]LogSlate: Only BGRA pngs, bmps or icos are supported in by External Image Picker
[2017.03.24-00.21.41:488][  0]LogDirectoryWatcher:Warning: Failed to begin reading directory changes for ../../../../../../Die7 Games/Unreal/Ilah/Plugins/. Error: The system cannot find the file specified. (0x00000002)
[2017.03.24-00.21.41:497][  0]LogUObjectGlobals:Warning: Failed to find object 'Class None.'
[2017.03.24-00.21.41:558][  0]LogTemp:Display: Executing iPhonePackager certificates Engine -bundlename com.YourCompany.Ilah

[2017.03.24-00.21.41:558][  0]LogTemp:Display: CWD: C:\Program Files\Epic Games\UE_4.15\Engine\Binaries\DotNET\IOS

[2017.03.24-00.21.41:558][  0]LogTemp:Display: Initial Dir: C:\Program Files\Epic Games\UE_4.15

[2017.03.24-00.21.41:558][  0]LogTemp:Display: Env CWD: C:\Program Files\Epic Games\UE_4.15\Engine\Binaries\DotNET\IOS

[2017.03.24-00.21.41:558][  0]LogTemp:Display: BranchPath = DESKTOP-0V93RPU/C/Program Files/Epic Games/UE_4.15/Engine/Binaries --- GameBranchPath = DESKTOP-0V93RPU/C/Program Files/Epic Games/UE_4.15/Engine/Binaries

[2017.03.24-00.21.41:558][  0]LogTemp:Display: IPP ERROR: Application exception: System.IO.DirectoryNotFoundException: Could not find a part of the path 'C:\Users\Pussy Destroyer\AppData\Local\Apple Computer\MobileDevice\Provisioning Profiles'.

[2017.03.24-00.21.41:558][  0]LogTemp:Display:    at System.IO.__Error.WinIOError(Int32 errorCode, String maybeFullPath)

[2017.03.24-00.21.41:558][  0]LogTemp:Display:    at System.IO.FileSystemEnumerableIterator`1.CommonInit()

[2017.03.24-00.21.41:558][  0]LogTemp:Display:    at System.IO.Directory.EnumerateFiles(String path, String searchPattern)

[2017.03.24-00.21.41:558][  0]LogTemp:Display:    at iPhonePackager.CodeSignatureBuilder.FindProvisions(String CFBundleIdentifier)

[2017.03.24-00.21.41:558][  0]LogTemp:Display:    at iPhonePackager.Program.Main(String[] args)

[2017.03.24-00.21.41:558][  0]LogContentBrowser: Native class hierarchy updated for 'HierarchicalLODOutliner' in 0.0004 seconds. Added 1 classes and 2 folders.
[2017.03.24-00.21.41:559][  0]LogLoad: (Engine Initialization) Total time: 60.38 seconds
[2017.03.24-00.21.41:559][  0]LogLoad: (Engine Initialization) Total Blueprint compile time: 0.17 seconds
[2017.03.24-00.21.41:559][  0]LogExternalProfiler: Found external profiler: VSPerf
[2017.03.24-00.21.41:559][  0]LogExternalProfiler: Using external profiler: VSPerf
[2017.03.24-00.21.41:898][  0]LogOcInput: OculusInput pre-init called
[2017.03.24-00.21.41:931][  0]LogContentStreaming: Texture pool size now 1000 MB
[2017.03.24-00.21.41:935][  0]LogSlate: Took 0.002480 seconds to synchronously load lazily loaded font '../../../Engine/Content/Slate/Fonts/Roboto-Regular.ttf' (155K)
[2017.03.24-00.21.41:940][  0]LogSlate: Took 0.002641 seconds to synchronously load lazily loaded font '../../../Engine/Content/Slate/Fonts/Roboto-Bold.ttf' (160K)
[2017.03.24-00.21.41:948][  0]LogSlate: Took 0.002814 seconds to synchronously load lazily loaded font '../../../Engine/Content/Editor/Slate/Fonts/FontAwesome.ttf' (139K)
[2017.03.24-00.21.42:148][  0]LogRenderer: Reallocating scene render targets to support 948x664 NumSamples 1 (Frame:2).
[2017.03.24-00.21.42:236][  1]LogAssetRegistry: Asset discovery search completed in 33.0326 seconds
[2017.03.24-00.21.42:236][  1]LogCollectionManager: Rebuilt the object cache for 0 collections in 0.000006 seconds (found 0 objects)
[2017.03.24-00.21.42:236][  1]LogCollectionManager: Fixed up redirectors for 0 collections in 0.000022 seconds (updated 0 objects)
[2017.03.24-00.23.15:289][676]LogDirectoryWatcher: A directory notification for '../../../Engine/Plugins/' was aborted.
[2017.03.24-00.25.42:684][192]LogSlate: Took 0.002652 seconds to synchronously load lazily loaded font '../../../Engine/Content/Slate/Fonts/Roboto-Light.ttf' (159K)
[2017.03.24-00.25.56:049][769]LogSlate: Took 0.000155 seconds to synchronously load lazily loaded font '../../../Engine/Content/Slate/Fonts/Roboto-Light.ttf' (159K)
[2017.03.24-00.37.33:580][588]LogInit:Warning: CVar named 'r.DiscardUnusedQuality' marked up in RendererSettings was not found or is set to read-only
[2017.03.24-00.37.56:169][289]LogInit:Warning: CVar named 'r.AllowStaticLighting' marked up in RendererSettings was not found or is set to read-only
[2017.03.24-00.38.41:729][ 70]Cmd: CLOSE_SLATE_MAINFRAME
[2017.03.24-00.38.42:065][ 71]Cmd: QUIT_EDITOR
[2017.03.24-00.38.42:096][ 71]LogWindowsTextInputMethodSystem:Display: IME system now deactivated.
[2017.03.24-00.38.42:129][ 71]LogExit: Preparing to exit.
[2017.03.24-00.38.42:952][ 71]LogDirectoryWatcher: A directory notification for 'C:/Die7 Games/Unreal/Ilah/Content/' was aborted.
[2017.03.24-00.38.42:965][ 71]LogExit: Editor shut down
[2017.03.24-00.38.42:965][ 71]LogExit: Transaction tracking system shut down
[2017.03.24-00.38.43:216][ 71]LogObj: Freed 0b from 0 cluster array pools.
[2017.03.24-00.38.43:216][ 71]LogExit: Object subsystem successfully closed.
[2017.03.24-00.38.43:235][ 71]LogD3D11RHI: Shutdown
[2017.03.24-00.38.43:235][ 71]LogD3D11RHI: CleanupD3DDevice
[2017.03.24-00.38.43:360][ 71]LogD3D11RHI: ~FD3D11DynamicRHI
[2017.03.24-00.38.43:374][ 71]LogModuleManager: Shutting down and abandoning module HierarchicalLODOutliner (510)
[2017.03.24-00.38.43:374][ 71]LogModuleManager: Shutting down and abandoning module ExternalImagePicker (508)
[2017.03.24-00.38.43:374][ 71]LogModuleManager: Shutting down and abandoning module CrashTracker (506)
[2017.03.24-00.38.43:374][ 71]LogModuleManager: Shutting down and abandoning module SceneOutliner (504)
[2017.03.24-00.38.43:374][ 71]LogModuleManager: Shutting down and abandoning module AddContentDialog (502)
[2017.03.24-00.38.43:374][ 71]LogDirectoryWatcher: A directory notification for 'C:/Program Files/Epic Games/UE_4.15/FeaturePacks/' was aborted.
[2017.03.24-00.38.43:375][ 71]LogModuleManager: Shutting down and abandoning module WidgetCarousel (501)
[2017.03.24-00.38.43:375][ 71]LogModuleManager: Shutting down and abandoning module EditorWidgets (498)
[2017.03.24-00.38.43:375][ 71]LogModuleManager: Shutting down and abandoning module CollectionManager (496)
[2017.03.24-00.38.43:375][ 71]LogDirectoryWatcher: A directory notification for 'C:/Die7 Games/Unreal/Ilah/Content/Collections/' was aborted.
[2017.03.24-00.38.43:375][ 71]LogDirectoryWatcher: A directory notification for 'C:/Die7 Games/Unreal/Ilah/Content/Developers/PussyDestroyer/Collections/' was aborted.
[2017.03.24-00.38.43:375][ 71]LogDirectoryWatcher: A directory notification for 'C:/Die7 Games/Unreal/Ilah/Saved/Collections/' was aborted.
[2017.03.24-00.38.43:375][ 71]LogModuleManager: Shutting down and abandoning module StatsViewer (494)
[2017.03.24-00.38.43:375][ 71]LogModuleManager: Shutting down and abandoning module FoliageEdit (492)
[2017.03.24-00.38.43:375][ 71]LogModuleManager: Shutting down and abandoning module LandscapeEditor (490)
[2017.03.24-00.38.43:375][ 71]LogModuleManager: Shutting down and abandoning module SceneDepthPickerMode (488)
[2017.03.24-00.38.43:375][ 71]LogModuleManager: Shutting down and abandoning module ActorPickerMode (486)
[2017.03.24-00.38.43:375][ 71]LogModuleManager: Shutting down and abandoning module GeometryMode (484)
[2017.03.24-00.38.43:375][ 71]LogModuleManager: Shutting down and abandoning module TextureAlignMode (482)
[2017.03.24-00.38.43:375][ 71]LogModuleManager: Shutting down and abandoning module BspMode (480)
[2017.03.24-00.38.43:375][ 71]LogModuleManager: Shutting down and abandoning module HardwareSurvey (478)
[2017.03.24-00.38.43:375][ 71]LogModuleManager: Shutting down and abandoning module SequenceRecorderSections (476)
[2017.03.24-00.38.43:375][ 71]LogModuleManager: Shutting down and abandoning module AutomationWorker (474)
[2017.03.24-00.38.43:375][ 71]LogModuleManager: Shutting down and abandoning module MatineeToLevelSequence (472)
[2017.03.24-00.38.43:375][ 71]LogModuleManager: Shutting down and abandoning module LevelSequenceEditor (470)
[2017.03.24-00.38.43:375][ 71]LogModuleManager: Shutting down and abandoning module PlacementMode (469)
[2017.03.24-00.38.43:375][ 71]LogModuleManager: Shutting down and abandoning module WmfMediaFactory (466)
[2017.03.24-00.38.43:375][ 71]LogModuleManager: Shutting down and abandoning module WmfMediaEditor (464)
[2017.03.24-00.38.43:375][ 71]LogModuleManager: Shutting down and abandoning module MfMediaFactory (462)
[2017.03.24-00.38.43:375][ 71]LogModuleManager: Shutting down and abandoning module MfMediaEditor (460)
[2017.03.24-00.38.43:375][ 71]LogModuleManager: Shutting down and abandoning module AvfMediaFactory (458)
[2017.03.24-00.38.43:375][ 71]LogModuleManager: Shutting down and abandoning module AvfMediaEditor (456)
[2017.03.24-00.38.43:375][ 71]LogModuleManager: Shutting down and abandoning module AndroidMediaFactory (454)
[2017.03.24-00.38.43:376][ 71]LogModuleManager: Shutting down and abandoning module Media (453)
[2017.03.24-00.38.43:376][ 71]LogModuleManager: Shutting down and abandoning module AndroidMediaEditor (450)
[2017.03.24-00.38.43:376][ 71]LogModuleManager: Shutting down and abandoning module SCUE4Editor (448)
[2017.03.24-00.38.43:411][ 71]LogModuleManager: Shutting down and abandoning module CharacterAI (446)
[2017.03.24-00.38.43:411][ 71]LogModuleManager: Shutting down and abandoning module AudioCapture (444)
[2017.03.24-00.38.43:411][ 71]LogModuleManager: Shutting down and abandoning module SequenceRecorder (443)
[2017.03.24-00.38.43:411][ 71]LogModuleManager: Shutting down and abandoning module SmartSnapping (440)
[2017.03.24-00.38.43:411][ 71]LogModuleManager: Shutting down and abandoning module SessionServices (438)
[2017.03.24-00.38.43:411][ 71]LogModuleManager: Shutting down and abandoning module ViewportSnapping (436)
[2017.03.24-00.38.43:411][ 71]LogModuleManager: Shutting down and abandoning module ViewportInteraction (434)
[2017.03.24-00.38.43:411][ 71]LogModuleManager: Shutting down and abandoning module LogVisualizer (432)
[2017.03.24-00.38.43:411][ 71]LogModuleManager: Shutting down and abandoning module IntroTutorials (430)
[2017.03.24-00.38.43:411][ 71]LogModuleManager: Shutting down and abandoning module GameProjectGeneration (429)
[2017.03.24-00.38.43:411][ 71]LogModuleManager: Shutting down and abandoning module EditorLiveStreaming (426)
[2017.03.24-00.38.43:411][ 71]LogModuleManager: Shutting down and abandoning module IOSPlatformEditor (424)
[2017.03.24-00.38.43:411][ 71]LogModuleManager: Shutting down and abandoning module HTML5PlatformEditor (422)
[2017.03.24-00.38.43:411][ 71]LogModuleManager: Shutting down and abandoning module AndroidPlatformEditor (420)
[2017.03.24-00.38.43:411][ 71]LogModuleManager: Shutting down and abandoning module AndroidDeviceDetection (419)
[2017.03.24-00.38.43:837][ 71]LogModuleManager: Shutting down and abandoning module IOSRuntimeSettings (416)
[2017.03.24-00.38.43:837][ 71]LogModuleManager: Shutting down and abandoning module AndroidRuntimeSettings (414)
[2017.03.24-00.38.43:837][ 71]LogModuleManager: Shutting down and abandoning module InputBindingEditor (412)
[2017.03.24-00.38.43:837][ 71]LogModuleManager: Shutting down and abandoning module NiagaraEditor (410)
[2017.03.24-00.38.43:837][ 71]LogModuleManager: Shutting down and abandoning module MergeActors (408)
[2017.03.24-00.38.43:837][ 71]LogModuleManager: Shutting down and abandoning module SizeMap (406)
[2017.03.24-00.38.43:837][ 71]LogModuleManager: Shutting down and abandoning module TreeMap (404)
[2017.03.24-00.38.43:837][ 71]LogModuleManager: Shutting down and abandoning module ReferenceViewer (402)
[2017.03.24-00.38.43:837][ 71]LogModuleManager: Shutting down and abandoning module LocalizationDashboard (400)
[2017.03.24-00.38.43:837][ 71]LogModuleManager: Shutting down and abandoning module LocalizationService (399)
[2017.03.24-00.38.43:837][ 71]LogModuleManager: Shutting down and abandoning module HardwareTargeting (396)
[2017.03.24-00.38.43:837][ 71]LogModuleManager: Shutting down and abandoning module DeviceProfileEditor (394)
[2017.03.24-00.38.43:837][ 71]LogModuleManager: Shutting down and abandoning module UndoHistory (392)
[2017.03.24-00.38.43:837][ 71]LogModuleManager: Shutting down and abandoning module UserFeedback (390)
[2017.03.24-00.38.43:837][ 71]LogModuleManager: Shutting down and abandoning module XmlParser (388)
[2017.03.24-00.38.43:837][ 71]LogModuleManager: Shutting down and abandoning module Blutility (386)
[2017.03.24-00.38.43:837][ 71]LogModuleManager: Shutting down and abandoning module ProjectSettingsViewer (384)
[2017.03.24-00.38.43:837][ 71]LogModuleManager: Shutting down and abandoning module ProjectTargetPlatformEditor (383)
[2017.03.24-00.38.43:837][ 71]LogModuleManager: Shutting down and abandoning module EditorSettingsViewer (380)
[2017.03.24-00.38.43:837][ 71]LogModuleManager: Shutting down and abandoning module SettingsEditor (378)
[2017.03.24-00.38.43:837][ 71]LogModuleManager: Shutting down and abandoning module ProjectLauncher (376)
[2017.03.24-00.38.43:837][ 71]LogModuleManager: Shutting down and abandoning module SessionFrontend (374)
[2017.03.24-00.38.43:837][ 71]LogModuleManager: Shutting down and abandoning module ProfilerClient (372)
[2017.03.24-00.38.43:837][ 71]LogModuleManager: Shutting down and abandoning module DeviceManager (370)
[2017.03.24-00.38.43:837][ 71]LogModuleManager: Shutting down and abandoning module TargetDeviceServices (369)
[2017.03.24-00.38.43:892][ 71]LogModuleManager: Shutting down and abandoning module AutomationController (366)
[2017.03.24-00.38.43:892][ 71]LogModuleManager: Shutting down and abandoning module AutomationWindow (364)
[2017.03.24-00.38.43:892][ 71]LogModuleManager: Shutting down and abandoning module Layers (362)
[2017.03.24-00.38.43:892][ 71]LogModuleManager: Shutting down and abandoning module ComponentVisualizers (360)
[2017.03.24-00.38.43:892][ 71]LogModuleManager: Shutting down and abandoning module DetailCustomizations (358)
[2017.03.24-00.38.43:892][ 71]LogModuleManager: Shutting down and abandoning module PackagesDialog (356)
[2017.03.24-00.38.43:892][ 71]LogModuleManager: Shutting down and abandoning module Persona (354)
[2017.03.24-00.38.43:892][ 71]LogModuleManager: Shutting down and abandoning module AnimGraph (353)
[2017.03.24-00.38.43:892][ 71]LogModuleManager: Shutting down and abandoning module Kismet (350)
[2017.03.24-00.38.43:892][ 71]LogModuleManager: Shutting down and abandoning module GraphEditor (348)
[2017.03.24-00.38.43:892][ 71]LogModuleManager: Shutting down and abandoning module ClassViewer (346)
[2017.03.24-00.38.43:931][ 71]LogModuleManager: Shutting down and abandoning module Toolbox (344)
[2017.03.24-00.38.43:931][ 71]LogModuleManager: Shutting down and abandoning module ModuleUI (342)
[2017.03.24-00.38.43:931][ 71]LogModuleManager: Shutting down and abandoning module MovieSceneTools (340)
[2017.03.24-00.38.43:931][ 71]LogModuleManager: Shutting down and abandoning module OutputLog (338)
[2017.03.24-00.38.43:931][ 71]LogModuleManager: Shutting down and abandoning module GammaUI (336)
[2017.03.24-00.38.43:931][ 71]LogModuleManager: Shutting down and abandoning module Documentation (334)
[2017.03.24-00.38.43:931][ 71]LogModuleManager: Shutting down and abandoning module Niagara (332)
[2017.03.24-00.38.43:931][ 71]LogModuleManager: Shutting down and abandoning module StreamingPauseRendering (330)
[2017.03.24-00.38.43:931][ 71]LogModuleManager: Shutting down and abandoning module AnalyticsET (328)
[2017.03.24-00.38.43:931][ 71]LogModuleManager: Shutting down and abandoning module PortalServices (326)
[2017.03.24-00.38.43:931][ 71]LogModuleManager: Shutting down and abandoning module PortalRpc (324)
[2017.03.24-00.38.43:931][ 71]LogModuleManager: Shutting down and abandoning module MessagingRpc (322)
[2017.03.24-00.38.43:931][ 71]LogModuleManager: Shutting down and abandoning module AIModule (320)
[2017.03.24-00.38.43:931][ 71]LogModuleManager: Shutting down and abandoning module GameplayDebugger (319)
[2017.03.24-00.38.43:931][ 71]LogModuleManager: Shutting down and abandoning module AITestSuite (317)
[2017.03.24-00.38.43:931][ 71]LogModuleManager: Shutting down and abandoning module ProfilerService (314)
[2017.03.24-00.38.44:091][ 71]LogModuleManager: Shutting down and abandoning module TaskGraph (312)
[2017.03.24-00.38.44:092][ 71]LogModuleManager: Shutting down and abandoning module SubstanceEditor (310)
[2017.03.24-00.38.44:136][ 71]LogModuleManager: Shutting down and abandoning module SteamVRController (308)
[2017.03.24-00.38.44:136][ 71]LogModuleManager: Shutting down and abandoning module SteamVR (306)
[2017.03.24-00.38.44:136][ 71]LogModuleManager: Shutting down and abandoning module ProceduralMeshComponentEditor (304)
[2017.03.24-00.38.44:136][ 71]LogModuleManager: Shutting down and abandoning module ProceduralMeshComponent (302)
[2017.03.24-00.38.44:136][ 71]LogModuleManager: Shutting down and abandoning module OculusLibrary (300)
[2017.03.24-00.38.44:136][ 71]LogModuleManager: Shutting down and abandoning module OculusInput (298)
[2017.03.24-00.38.44:136][ 71]LogModuleManager: Shutting down and abandoning module MobilePatchingUtils (296)
[2017.03.24-00.38.44:136][ 71]LogModuleManager: Shutting down and abandoning module CustomMeshComponent (294)
[2017.03.24-00.38.44:136][ 71]LogModuleManager: Shutting down and abandoning module CableComponent (292)
[2017.03.24-00.38.44:136][ 71]LogModuleManager: Shutting down and abandoning module ArchVisCharacter (290)
[2017.03.24-00.38.44:136][ 71]LogModuleManager: Shutting down and abandoning module MediaPlayerEditor (286)
[2017.03.24-00.38.44:163][ 71]LogModuleManager: Shutting down and abandoning module HTML5Networking (284)
[2017.03.24-00.38.44:163][ 71]LogModuleManager: Shutting down and abandoning module AlembicImporter (282)
[2017.03.24-00.38.44:163][ 71]LogModuleManager: Shutting down and abandoning module AlembicLibrary (281)
[2017.03.24-00.38.44:163][ 71]LogModuleManager: Shutting down and abandoning module GeometryCache (280)
[2017.03.24-00.38.44:163][ 71]LogModuleManager: Shutting down and abandoning module GeometryCacheEd (279)
[2017.03.24-00.38.44:163][ 71]LogModuleManager: Shutting down and abandoning module SuperSearchEditor (274)
[2017.03.24-00.38.44:163][ 71]LogModuleManager: Shutting down and abandoning module SuperSearch (273)
[2017.03.24-00.38.44:163][ 71]LogModuleManager: Shutting down and abandoning module SpeedTreeImporter (270)
[2017.03.24-00.38.44:163][ 71]LogModuleManager: Shutting down and abandoning module PluginBrowser (268)
[2017.03.24-00.38.44:163][ 71]LogModuleManager: Shutting down and abandoning module MobileLauncherProfileWizard (266)
[2017.03.24-00.38.44:163][ 71]LogModuleManager: Shutting down and abandoning module EpicSurvey (264)
[2017.03.24-00.38.44:163][ 71]LogModuleManager: Shutting down and abandoning module VisualStudioSourceCodeAccess (262)
[2017.03.24-00.38.44:163][ 71]LogModuleManager: Shutting down and abandoning module DesktopPlatform (261)
[2017.03.24-00.38.44:163][ 71]LogModuleManager: Shutting down and abandoning module UObjectPlugin (258)
[2017.03.24-00.38.44:163][ 71]LogModuleManager: Shutting down and abandoning module SubversionSourceControl (256)
[2017.03.24-00.38.44:163][ 71]LogModuleManager: Shutting down and abandoning module PerforceSourceControl (254)
[2017.03.24-00.38.44:163][ 71]LogModuleManager: Shutting down and abandoning module GitSourceControl (252)
[2017.03.24-00.38.44:163][ 71]LogModuleManager: Shutting down and abandoning module SourceControl (251)
[2017.03.24-00.38.44:163][ 71]LogModuleManager: Shutting down and abandoning module LightPropagationVolumeEditor (248)
[2017.03.24-00.38.44:163][ 71]LogModuleManager: Shutting down and abandoning module PaperTiledImporter (246)
[2017.03.24-00.38.44:163][ 71]LogModuleManager: Shutting down and abandoning module PaperSpriteSheetImporter (244)
[2017.03.24-00.38.44:163][ 71]LogModuleManager: Shutting down and abandoning module Paper2DEditor (242)
[2017.03.24-00.38.44:163][ 71]LogModuleManager: Shutting down and abandoning module MeshPaint (241)
[2017.03.24-00.38.44:163][ 71]LogModuleManager: Shutting down and abandoning module LevelEditor (239)
[2017.03.24-00.38.44:165][ 71]LogModuleManager: Shutting down and abandoning module PixelInspectorModule (238)
[2017.03.24-00.38.44:165][ 71]LogModuleManager: Shutting down and abandoning module MainFrame (236)
[2017.03.24-00.38.44:165][ 71]LogModuleManager: Shutting down and abandoning module HotReload (235)
[2017.03.24-00.38.44:166][ 71]LogModuleManager: Shutting down and abandoning module ContentBrowser (231)
[2017.03.24-00.38.44:166][ 71]LogModuleManager: Shutting down and abandoning module PhysXVehiclesEditor (228)
[2017.03.24-00.38.44:166][ 71]LogModuleManager: Shutting down and abandoning module PhysXVehicles (226)
[2017.03.24-00.38.44:166][ 71]LogModuleManager: Shutting down and abandoning module LocationServicesBPLibrary (224)
[2017.03.24-00.38.44:166][ 71]LogModuleManager: Shutting down and abandoning module UdpMessaging (222)
[2017.03.24-00.38.44:267][ 71]LogModuleManager: Shutting down and abandoning module TcpMessaging (220)
[2017.03.24-00.38.44:368][ 71]LogModuleManager: Shutting down and abandoning module SubstanceCore (218)
[2017.03.24-00.38.44:394][ 71]LogModuleManager: Shutting down and abandoning module SCUE4 (216)
[2017.03.24-00.38.44:394][ 71]LogModuleManager: Shutting down and abandoning module DonAINavigation (214)
[2017.03.24-00.38.44:394][ 71]LogModuleManager: Shutting down and abandoning module GameplayTagsEditor (212)
[2017.03.24-00.38.44:394][ 71]LogModuleManager: Shutting down and abandoning module FacialAnimationEditor (210)
[2017.03.24-00.38.44:394][ 71]LogModuleManager: Shutting down and abandoning module FacialAnimation (208)
[2017.03.24-00.38.44:394][ 71]LogModuleManager: Shutting down and abandoning module LightPropagationVolumeRuntime (206)
[2017.03.24-00.38.44:395][ 71]LogModuleManager: Shutting down and abandoning module Paper2D (204)
[2017.03.24-00.38.44:395][ 71]LogModuleManager: Shutting down and abandoning module WindowsMoviePlayer (202)
[2017.03.24-00.38.44:395][ 71]LogModuleManager: Shutting down and abandoning module WmfMedia (200)
[2017.03.24-00.38.44:395][ 71]LogModuleManager: Shutting down and abandoning module MfMedia (198)
[2017.03.24-00.38.44:395][ 71]LogModuleManager: Shutting down and abandoning module MediaAssets (196)
[2017.03.24-00.38.44:395][ 71]LogModuleManager: Shutting down and abandoning module GameLiveStreaming (194)
[2017.03.24-00.38.44:395][ 71]LogModuleManager: Shutting down and abandoning module VREditor (192)
[2017.03.24-00.38.44:395][ 71]LogModuleManager: Shutting down and abandoning module GameplayTasksEditor (190)
[2017.03.24-00.38.44:395][ 71]LogModuleManager: Shutting down and abandoning module BehaviorTreeEditor (188)
[2017.03.24-00.38.44:395][ 71]LogModuleManager: Shutting down and abandoning module FunctionalTesting (186)
[2017.03.24-00.38.44:395][ 71]LogModuleManager: Shutting down and abandoning module CollisionAnalyzer (184)
[2017.03.24-00.38.44:395][ 71]LogModuleManager: Shutting down and abandoning module UMG (182)
[2017.03.24-00.38.44:395][ 71]LogModuleManager: Shutting down and abandoning module UMGEditor (181)
[2017.03.24-00.38.44:395][ 71]LogModuleManager: Shutting down and abandoning module Sequencer (180)
[2017.03.24-00.38.44:395][ 71]LogModuleManager: Shutting down and abandoning module AssetTools (178)
[2017.03.24-00.38.44:395][ 71]LogModuleManager: Shutting down and abandoning module MessageLog (177)
[2017.03.24-00.38.44:395][ 71]LogModuleManager: Shutting down and abandoning module WorkspaceMenuStructure (176)
[2017.03.24-00.38.44:395][ 71]LogModuleManager: Shutting down and abandoning module SlateReflector (170)
[2017.03.24-00.38.44:395][ 71]LogModuleManager: Shutting down and abandoning module Slate (168)
[2017.03.24-00.38.44:395][ 71]LogModuleManager: Shutting down and abandoning module EditorStyle (166)
[2017.03.24-00.38.44:397][ 71]LogModuleManager: Shutting down and abandoning module SourceCodeAccess (164)
[2017.03.24-00.38.44:397][ 71]LogModuleManager: Shutting down and abandoning module HeadMountedDisplay (162)
[2017.03.24-00.38.44:397][ 71]LogModuleManager: Shutting down and abandoning module XAudio2 (160)
[2017.03.24-00.38.44:397][ 71]LogModuleManager: Shutting down and abandoning module Networking (158)
[2017.03.24-00.38.44:397][ 71]LogModuleManager: Shutting down and abandoning module Core (154)
[2017.03.24-00.38.44:397][ 71]LogModuleManager: Shutting down and abandoning module AssetRegistry (152)
[2017.03.24-00.38.44:490][ 71]LogDirectoryWatcher: A directory notification for '../../../Engine/Content/' was aborted.
[2017.03.24-00.38.44:490][ 71]LogDirectoryWatcher: A directory notification for '../../../../../../Die7 Games/Unreal/Ilah/Content/' was aborted.
[2017.03.24-00.38.44:490][ 71]LogDirectoryWatcher: A directory notification for '../../../Engine/Plugins/2D/Paper2D/Content/' was aborted.
[2017.03.24-00.38.44:490][ 71]LogDirectoryWatcher: A directory notification for '../../../Engine/Plugins/Marketplace/DonAINavigation/Content/' was aborted.
[2017.03.24-00.38.44:490][ 71]LogModuleManager: Shutting down and abandoning module DirectoryWatcher (151)
[2017.03.24-00.38.44:491][ 71]LogModuleManager: Shutting down and abandoning module KismetCompiler (148)
[2017.03.24-00.38.44:491][ 71]LogModuleManager: Shutting down and abandoning module PhysXFormats (146)
[2017.03.24-00.38.44:491][ 71]LogModuleManager: Shutting down and abandoning module MeshUtilities (144)
[2017.03.24-00.38.44:491][ 71]LogModuleManager: Shutting down and abandoning module SimplygonSwarm (143)
[2017.03.24-00.38.44:491][ 71]LogModuleManager: Shutting down and abandoning module SimplygonMeshReduction (141)
[2017.03.24-00.38.44:491][ 71]LogModuleManager: Shutting down and abandoning module QuadricMeshReduction (139)
[2017.03.24-00.38.44:491][ 71]LogModuleManager: Shutting down and abandoning module PropertyEditor (137)
[2017.03.24-00.38.44:491][ 71]LogModuleManager: Shutting down and abandoning module DerivedDataCache (134)
[2017.03.24-00.38.44:492][ 71]LogDerivedDataCache: Shutdown
[2017.03.24-00.38.44:492][ 71]LogModuleManager: Shutting down and abandoning module TargetPlatform (132)
[2017.03.24-00.38.44:492][ 71]LogModuleManager: Shutting down and abandoning module VulkanShaderFormat (131)
[2017.03.24-00.38.44:492][ 71]LogModuleManager: Shutting down and abandoning module ShaderFormatOpenGL (129)
[2017.03.24-00.38.44:492][ 71]LogModuleManager: Shutting down and abandoning module ShaderFormatD3D (127)
[2017.03.24-00.38.44:492][ 71]LogModuleManager: Shutting down and abandoning module MetalShaderFormat (125)
[2017.03.24-00.38.44:492][ 71]LogModuleManager: Shutting down and abandoning module TextureFormatUncompressed (123)
[2017.03.24-00.38.44:492][ 71]LogModuleManager: Shutting down and abandoning module TextureFormatPVR (121)
[2017.03.24-00.38.44:492][ 71]LogModuleManager: Shutting down and abandoning module TextureFormatDXT (119)
[2017.03.24-00.38.44:492][ 71]LogModuleManager: Shutting down and abandoning module TextureFormatIntelISPCTexComp (117)
[2017.03.24-00.38.44:492][ 71]LogModuleManager: Shutting down and abandoning module TextureFormatASTC (115)
[2017.03.24-00.38.44:492][ 71]LogModuleManager: Shutting down and abandoning module ImageWrapper (114)
[2017.03.24-00.38.44:492][ 71]LogModuleManager: Shutting down and abandoning module TextureFormatAndroid (111)
[2017.03.24-00.38.44:492][ 71]LogModuleManager: Shutting down and abandoning module AudioFormatOpus (109)
[2017.03.24-00.38.44:492][ 71]LogModuleManager: Shutting down and abandoning module AudioFormatOgg (107)
[2017.03.24-00.38.44:492][ 71]LogModuleManager: Shutting down and abandoning module AudioFormatADPCM (105)
[2017.03.24-00.38.44:492][ 71]LogModuleManager: Shutting down and abandoning module LinuxTargetPlatform (103)
[2017.03.24-00.38.44:492][ 71]LogModuleManager: Shutting down and abandoning module LinuxServerTargetPlatform (101)
[2017.03.24-00.38.44:492][ 71]LogModuleManager: Shutting down and abandoning module LinuxNoEditorTargetPlatform (99)
[2017.03.24-00.38.44:492][ 71]LogModuleManager: Shutting down and abandoning module LinuxClientTargetPlatform (97)
[2017.03.24-00.38.44:492][ 71]LogModuleManager: Shutting down and abandoning module TVOSTargetPlatform (95)
[2017.03.24-00.38.44:492][ 71]LogModuleManager: Shutting down and abandoning module Messaging (93)
[2017.03.24-00.38.44:492][ 71]LogModuleManager: Shutting down and abandoning module IOSTargetPlatform (91)
[2017.03.24-00.38.44:492][ 71]LogModuleManager: Shutting down and abandoning module HTML5TargetPlatform (89)
[2017.03.24-00.38.44:492][ 71]LogModuleManager: Shutting down and abandoning module Android_PVRTCTargetPlatform (87)
[2017.03.24-00.38.44:492][ 71]LogModuleManager: Shutting down and abandoning module Android_MultiTargetPlatform (85)
[2017.03.24-00.38.44:492][ 71]LogModuleManager: Shutting down and abandoning module Android_ETC2TargetPlatform (83)
[2017.03.24-00.38.44:492][ 71]LogModuleManager: Shutting down and abandoning module Android_ETC1TargetPlatform (81)
[2017.03.24-00.38.44:492][ 71]LogModuleManager: Shutting down and abandoning module Android_DXTTargetPlatform (79)
[2017.03.24-00.38.44:492][ 71]LogModuleManager: Shutting down and abandoning module Android_ATCTargetPlatform (77)
[2017.03.24-00.38.44:492][ 71]LogModuleManager: Shutting down and abandoning module Android_ASTCTargetPlatform (75)
[2017.03.24-00.38.44:492][ 71]LogModuleManager: Shutting down and abandoning module AndroidTargetPlatform (73)
[2017.03.24-00.38.44:492][ 71]LogModuleManager: Shutting down and abandoning module WindowsTargetPlatform (71)
[2017.03.24-00.38.44:492][ 71]LogModuleManager: Shutting down and abandoning module WindowsServerTargetPlatform (69)
[2017.03.24-00.38.44:492][ 71]LogModuleManager: Shutting down and abandoning module WindowsNoEditorTargetPlatform (67)
[2017.03.24-00.38.44:492][ 71]LogModuleManager: Shutting down and abandoning module WindowsClientTargetPlatform (65)
[2017.03.24-00.38.44:492][ 71]LogModuleManager: Shutting down and abandoning module MacTargetPlatform (63)
[2017.03.24-00.38.44:492][ 71]LogModuleManager: Shutting down and abandoning module MacServerTargetPlatform (61)
[2017.03.24-00.38.44:492][ 71]LogModuleManager: Shutting down and abandoning module MacNoEditorTargetPlatform (59)
[2017.03.24-00.38.44:492][ 71]LogModuleManager: Shutting down and abandoning module MacClientTargetPlatform (57)
[2017.03.24-00.38.44:492][ 71]LogModuleManager: Shutting down and abandoning module AllDesktopTargetPlatform (55)
[2017.03.24-00.38.44:492][ 71]LogModuleManager: Shutting down and abandoning module InputCore (52)
[2017.03.24-00.38.44:492][ 71]LogModuleManager: Shutting down and abandoning module Settings (50)
[2017.03.24-00.38.44:492][ 71]LogModuleManager: Shutting down and abandoning module OculusRift (48)
[2017.03.24-00.38.44:492][ 71]LogModuleManager: Shutting down and abandoning module GearVR (46)
[2017.03.24-00.38.44:492][ 71]LogModuleManager: Shutting down and abandoning module ExampleDeviceProfileSelector (44)
[2017.03.24-00.38.44:492][ 71]LogModuleManager: Shutting down and abandoning module OnlineBlueprintSupport (42)
[2017.03.24-00.38.44:492][ 71]LogModuleManager: Shutting down and abandoning module OnlineSubsystem (38)
[2017.03.24-00.38.44:492][ 71]LogOnline:Display: Unloading online subsystem: NULL
[2017.03.24-00.38.44:492][ 71]LogModuleManager: Shutting down and abandoning module XMPP (37)
[2017.03.24-00.38.44:492][ 71]LogModuleManager: Shutting down and abandoning module HTTP (35)
[2017.03.24-00.38.44:492][ 71]LogHttp:Display: Http module shutting down, but needs to wait on 1 outstanding Http requests:
[2017.03.24-00.38.44:492][ 71]LogHttp:Display: 	verb=[POST] url=[https://datarouter.ol.epicgames.com/datarouter/api/v1/public/data?SessionID=%7BB9F729F9-44F6-13F1-A58A-6EAFC8DE52EB%7D&AppID=UEEditor.Rocket.Release&AppVersion=4.15.1-3348071%2B%2B%2BUE4%2BRelease-4.15&UserID=fbbcfe1d4fb1d71b804174984f7570e4%7C856c8de4965c4c78ade1da77ab09de82%7C5360d70b-e793-4bb8-a4a6-4f939df43d19&AppEnvironment=datacollector-binary&UploadType=eteventstream] status=Processing
[2017.03.24-00.38.44:509][ 71]LogModuleManager: Shutting down and abandoning module SSL (34)
[2017.03.24-00.38.44:511][ 71]LogModuleManager: Shutting down and abandoning module AudioEditor (30)
[2017.03.24-00.38.44:511][ 71]LogModuleManager: Shutting down and abandoning module TextureCompressor (28)
[2017.03.24-00.38.44:511][ 71]LogModuleManager: Shutting down and abandoning module ShaderCore (26)
[2017.03.24-00.38.44:511][ 71]LogModuleManager: Shutting down and abandoning module Landscape (24)
[2017.03.24-00.38.44:511][ 71]LogModuleManager: Shutting down and abandoning module SlateRHIRenderer (22)
[2017.03.24-00.38.44:511][ 71]LogModuleManager: Shutting down and abandoning module OpenGLDrv (20)
[2017.03.24-00.38.44:511][ 71]LogModuleManager: Shutting down and abandoning module D3D11RHI (18)
[2017.03.24-00.38.44:511][ 71]LogModuleManager: Shutting down and abandoning module AnimGraphRuntime (16)
[2017.03.24-00.38.44:512][ 71]LogModuleManager: Shutting down and abandoning module Renderer (14)
[2017.03.24-00.38.44:512][ 71]LogModuleManager: Shutting down and abandoning module Engine (12)
[2017.03.24-00.38.44:512][ 71]LogModuleManager: Shutting down and abandoning module CoreUObject (10)
[2017.03.24-00.38.44:512][ 71]LogModuleManager: Shutting down and abandoning module NetworkFile (8)
[2017.03.24-00.38.44:512][ 71]LogModuleManager: Shutting down and abandoning module StreamingFile (6)
[2017.03.24-00.38.44:512][ 71]LogModuleManager: Shutting down and abandoning module SandboxFile (4)
[2017.03.24-00.38.44:512][ 71]LogModuleManager: Shutting down and abandoning module PakFile (2)
[2017.03.24-00.38.44:513][ 71]LogExit: Exiting.
[2017.03.24-00.38.44:522][ 71]Log file closed, 03/23/17 20:38:44
